# JRE version: Java(TM) SE Runtime Environment (10.0.2+13) (build 10.0.2+13)
# Java VM: Java HotSpot(TM) 64-Bit Server VM (10.0.2+13, mixed mode, tiered, compressed oops, g1 gc, windows-amd64)
Heap:
 garbage-first heap   total 147456K, used 103960K [0x0000000088c00000, 0x0000000100000000)
  region size 1024K, 55 young (56320K), 4 survivors (4096K)
 Metaspace       used 44240K, capacity 45606K, committed 46000K, reserved 1089536K
  class space    used 4387K, capacity 4907K, committed 5040K, reserved 1048576K
GC Heap History (10 events):
Event: 31.299 GC heap before
{Heap before GC invocations=12 (full 0):
 garbage-first heap   total 122880K, used 84711K [0x0000000088c00000, 0x0000000100000000)
  region size 1024K, 50 young (51200K), 8 survivors (8192K)
 Metaspace       used 40084K, capacity 41296K, committed 41776K, reserved 1087488K
  class space    used 4086K, capacity 4571K, committed 4656K, reserved 1048576K
}
Event: 31.332 GC heap after
{Heap after GC invocations=13 (full 0):
 garbage-first heap   total 147456K, used 46584K [0x0000000088c00000, 0x0000000100000000)
  region size 1024K, 5 young (5120K), 5 survivors (5120K)
 Metaspace       used 40084K, capacity 41296K, committed 41776K, reserved 1087488K
  class space    used 4086K, capacity 4571K, committed 4656K, reserved 1048576K
}
Event: 33.945 GC heap before
{Heap before GC invocations=13 (full 0):
 garbage-first heap   total 147456K, used 96760K [0x0000000088c00000, 0x0000000100000000)
  region size 1024K, 54 young (55296K), 5 survivors (5120K)
 Metaspace       used 41513K, capacity 42696K, committed 43056K, reserved 1087488K
  class space    used 4172K, capacity 4648K, committed 4656K, reserved 1048576K
}
Event: 33.968 GC heap after
{Heap after GC invocations=14 (full 0):
 garbage-first heap   total 147456K, used 49223K [0x0000000088c00000, 0x0000000100000000)
  region size 1024K, 3 young (3072K), 3 survivors (3072K)
 Metaspace       used 41513K, capacity 42696K, committed 43056K, reserved 1087488K
  class space    used 4172K, capacity 4648K, committed 4656K, reserved 1048576K
}
Event: 35.146 GC heap before
{Heap before GC invocations=14 (full 0):
 garbage-first heap   total 147456K, used 101447K [0x0000000088c00000, 0x0000000100000000)
  region size 1024K, 54 young (55296K), 3 survivors (3072K)
 Metaspace       used 41644K, capacity 42826K, committed 43056K, reserved 1087488K
  class space    used 4172K, capacity 4648K, committed 4656K, reserved 1048576K
}
Event: 35.161 GC heap after
{Heap after GC invocations=15 (full 0):
 garbage-first heap   total 147456K, used 49944K [0x0000000088c00000, 0x0000000100000000)
  region size 1024K, 4 young (4096K), 4 survivors (4096K)
 Metaspace       used 41644K, capacity 42826K, committed 43056K, reserved 1087488K
  class space    used 4172K, capacity 4648K, committed 4656K, reserved 1048576K
}
Event: 36.923 GC heap before
{Heap before GC invocations=15 (full 0):
 garbage-first heap   total 147456K, used 105240K [0x0000000088c00000, 0x0000000100000000)
  region size 1024K, 58 young (59392K), 4 survivors (4096K)
 Metaspace       used 41862K, capacity 43068K, committed 43440K, reserved 1087488K
  class space    used 4193K, capacity 4663K, committed 4784K, reserved 1048576K
}
Event: 36.940 GC heap after
{Heap after GC invocations=16 (full 0):
 garbage-first heap   total 147456K, used 51272K [0x0000000088c00000, 0x0000000100000000)
  region size 1024K, 5 young (5120K), 5 survivors (5120K)
 Metaspace       used 41862K, capacity 43068K, committed 43440K, reserved 1087488K
  class space    used 4193K, capacity 4663K, committed 4784K, reserved 1048576K
}
Event: 39.493 GC heap before
{Heap before GC invocations=16 (full 0):
 garbage-first heap   total 147456K, used 108616K [0x0000000088c00000, 0x0000000100000000)
  region size 1024K, 61 young (62464K), 5 survivors (5120K)
 Metaspace       used 42322K, capacity 43564K, committed 43952K, reserved 1089536K
  class space    used 4219K, capacity 4699K, committed 4784K, reserved 1048576K
}
Event: 39.515 GC heap after
{Heap after GC invocations=17 (full 0):
 garbage-first heap   total 147456K, used 52760K [0x0000000088c00000, 0x0000000100000000)
  region size 1024K, 4 young (4096K), 4 survivors (4096K)
 Metaspace       used 42322K, capacity 43564K, committed 43952K, reserved 1089536K
  class space    used 4219K, capacity 4699K, committed 4784K, reserved 1048576K
}

