<?xml version="1.0" encoding="UTF-8"?>
<testng-results ignored="2" total="4" passed="2" failed="0" skipped="0">
  <reporter-output>
  </reporter-output>
  <suite started-at="2018-04-28T07:58:15Z" name="swipe" finished-at="2018-04-28T08:03:34Z" duration-ms="319635">
    <groups>
      <group name="default">
        <method signature="HoverAndDrag.testMain()[pri:0, instance:mouse.HoverAndDrag@4961f6af]" name="testMain" class="mouse.HoverAndDrag"/>
        <method signature="MultiBrowserSwipe.testMain()[pri:0, instance:mouse.MultiBrowserSwipe@1190200a]" name="testMain" class="mouse.MultiBrowserSwipe"/>
      </group> <!-- default -->
    </groups>
    <test started-at="2018-04-28T07:58:15Z" name="testMain" finished-at="2018-04-28T08:03:34Z" duration-ms="319635">
      <class name="mouse.MultiBrowserSwipe">
        <test-method is-config="true" signature="beforeAtsTest(org.testng.ITestContext)[pri:0, instance:mouse.MultiBrowserSwipe@1190200a]" started-at="2018-04-28T08:01:29Z" name="beforeAtsTest" test-instance-name="mouse.MultiBrowserSwipe" finished-at="2018-04-28T08:01:29Z" duration-ms="0" status="PASS">
          <params>
            <param index="0">
              <value>
                <![CDATA[org.testng.TestRunner@4fad6218]]>
              </value>
            </param>
          </params>
          <reporter-output>
          </reporter-output>
        </test-method> <!-- beforeAtsTest -->
        <test-method signature="testMain()[pri:0, instance:mouse.MultiBrowserSwipe@1190200a]" started-at="2018-04-28T08:01:29Z" name="testMain" test-instance-name="mouse.MultiBrowserSwipe" finished-at="2018-04-28T08:03:34Z" duration-ms="124695" status="PASS">
          <reporter-output>
          </reporter-output>
        </test-method> <!-- testMain -->
        <test-method is-config="true" signature="cleanup()[pri:0, instance:mouse.MultiBrowserSwipe@1190200a]" started-at="2018-04-28T08:03:34Z" name="cleanup" test-instance-name="mouse.MultiBrowserSwipe" finished-at="2018-04-28T08:03:34Z" duration-ms="36" status="PASS">
          <reporter-output>
          </reporter-output>
        </test-method> <!-- cleanup -->
        <test-method is-config="true" signature="afterClass()[pri:0, instance:mouse.MultiBrowserSwipe@1190200a]" started-at="2018-04-28T08:03:34Z" name="afterClass" test-instance-name="mouse.MultiBrowserSwipe" finished-at="2018-04-28T08:03:34Z" duration-ms="0" status="PASS">
          <reporter-output>
          </reporter-output>
        </test-method> <!-- afterClass -->
      </class> <!-- mouse.MultiBrowserSwipe -->
      <class name="mouse.HoverAndDrag">
        <test-method is-config="true" signature="beforeSuite()[pri:0, instance:mouse.HoverAndDrag@4961f6af]" started-at="2018-04-28T07:58:14Z" name="beforeSuite" test-instance-name="mouse.HoverAndDrag" finished-at="2018-04-28T07:58:15Z" duration-ms="59" status="PASS">
          <reporter-output>
          </reporter-output>
        </test-method> <!-- beforeSuite -->
        <test-method is-config="true" signature="beforeAtsTest(org.testng.ITestContext)[pri:0, instance:mouse.HoverAndDrag@4961f6af]" started-at="2018-04-28T07:58:15Z" name="beforeAtsTest" test-instance-name="mouse.HoverAndDrag" finished-at="2018-04-28T07:58:15Z" duration-ms="11" status="PASS">
          <params>
            <param index="0">
              <value>
                <![CDATA[org.testng.TestRunner@4fad6218]]>
              </value>
            </param>
          </params>
          <reporter-output>
          </reporter-output>
        </test-method> <!-- beforeAtsTest -->
        <test-method signature="testMain()[pri:0, instance:mouse.HoverAndDrag@4961f6af]" started-at="2018-04-28T07:58:15Z" name="testMain" test-instance-name="mouse.HoverAndDrag" finished-at="2018-04-28T08:01:29Z" duration-ms="194798" status="PASS">
          <reporter-output>
          </reporter-output>
        </test-method> <!-- testMain -->
        <test-method is-config="true" signature="cleanup()[pri:0, instance:mouse.HoverAndDrag@4961f6af]" started-at="2018-04-28T08:01:29Z" name="cleanup" test-instance-name="mouse.HoverAndDrag" finished-at="2018-04-28T08:01:29Z" duration-ms="38" status="PASS">
          <reporter-output>
          </reporter-output>
        </test-method> <!-- cleanup -->
        <test-method is-config="true" signature="afterClass()[pri:0, instance:mouse.HoverAndDrag@4961f6af]" started-at="2018-04-28T08:01:29Z" name="afterClass" test-instance-name="mouse.HoverAndDrag" finished-at="2018-04-28T08:01:29Z" duration-ms="1" status="PASS">
          <reporter-output>
          </reporter-output>
        </test-method> <!-- afterClass -->
        <test-method is-config="true" signature="testFinished()[pri:0, instance:mouse.HoverAndDrag@4961f6af]" started-at="2018-04-28T08:03:34Z" name="testFinished" test-instance-name="mouse.HoverAndDrag" finished-at="2018-04-28T08:03:34Z" duration-ms="1" status="PASS">
          <reporter-output>
          </reporter-output>
        </test-method> <!-- testFinished -->
      </class> <!-- mouse.HoverAndDrag -->
    </test> <!-- testMain -->
  </suite> <!-- swipe -->
</testng-results>
